#
# There is insufficient memory for the Java Runtime Environment to continue.
# Native memory allocation (malloc) failed to allocate 32744 bytes for ChunkPool::allocate
# Possible reasons:
#   The system is out of physical RAM or swap space
#   In 32 bit mode, the process size limit was hit
# Possible solutions:
#   Reduce memory load on the system
#   Increase physical memory or swap space
#   Check if swap backing store is full
#   Use 64 bit Java on a 64 bit OS
#   Decrease Java heap size (-Xmx/-Xms)
#   Decrease number of Java threads
#   Decrease Java thread stack sizes (-Xss)
#   Set larger code cache with -XX:ReservedCodeCacheSize=
# This output file may be truncated or incomplete.
#
#  Out of Memory Error (allocation.cpp:273), pid=3296, tid=10132
#
# JRE version: Java(TM) SE Runtime Environment (8.0_60-b27) (build 1.8.0_60-b27)
# Java VM: Java HotSpot(TM) 64-Bit Server VM (25.60-b23 mixed mode windows-amd64 compressed oops)
# Failed to write core dump. Minidumps are not enabled by default on client versions of Windows
#

---------------  T H R E A D  ---------------

Current thread (0x00000000177a0800):  JavaThread "C2 CompilerThread0" daemon [_thread_in_native, id=10132, stack(0x0000000017d70000,0x0000000017e70000)]

Stack: [0x0000000017d70000,0x0000000017e70000]
[error occurred during error reporting (printing stack bounds), id 0xc0000005]

Native frames: (J=compiled Java code, j=interpreted, Vv=VM code, C=native code)


Current CompileTask:
C2:    274  397       4       java.util.TreeMap::put (247 bytes)


---------------  P R O C E S S  ---------------

Java Threads: ( => current thread )
  0x00000000179ee800 JavaThread "pool-1-thread-4" [_thread_blocked, id=13864, stack(0x0000000018770000,0x0000000018870000)]
  0x0000000017969000 JavaThread "pool-1-thread-3" [_thread_in_Java, id=6660, stack(0x0000000018670000,0x0000000018770000)]
  0x0000000017968000 JavaThread "pool-1-thread-2" [_thread_in_vm, id=5180, stack(0x0000000018570000,0x0000000018670000)]
  0x0000000017954800 JavaThread "pool-2-thread-1" [_thread_blocked, id=13980, stack(0x0000000018470000,0x0000000018570000)]
  0x0000000017965800 JavaThread "pool-1-thread-1" [_thread_blocked, id=8652, stack(0x0000000018370000,0x0000000018470000)]
  0x0000000017896800 JavaThread "Service Thread" daemon [_thread_blocked, id=6904, stack(0x0000000018170000,0x0000000018270000)]
  0x0000000017801000 JavaThread "C1 CompilerThread3" daemon [_thread_in_native, id=13964, stack(0x0000000018070000,0x0000000018170000)]
  0x00000000177a8000 JavaThread "C2 CompilerThread2" daemon [_thread_blocked, id=11524, stack(0x0000000017f70000,0x0000000018070000)]
  0x00000000177a4000 JavaThread "C2 CompilerThread1" daemon [_thread_in_native, id=12464, stack(0x0000000017e70000,0x0000000017f70000)]
=>0x00000000177a0800 JavaThread "C2 CompilerThread0" daemon [_thread_in_native, id=10132, stack(0x0000000017d70000,0x0000000017e70000)]
  0x000000001779e800 JavaThread "Attach Listener" daemon [_thread_blocked, id=11516, stack(0x0000000017c70000,0x0000000017d70000)]
  0x00000000177ed800 JavaThread "Signal Dispatcher" daemon [_thread_blocked, id=10504, stack(0x0000000017b70000,0x0000000017c70000)]
  0x0000000002b9a800 JavaThread "Finalizer" daemon [_thread_blocked, id=9016, stack(0x0000000017590000,0x0000000017690000)]
  0x0000000002b94000 JavaThread "Reference Handler" daemon [_thread_blocked, id=11128, stack(0x0000000017490000,0x0000000017590000)]
  0x000000000299d800 JavaThread "main" [_thread_in_native, id=13732, stack(0x00000000029a0000,0x0000000002aa0000)]

Other Threads:
  0x00000000156b9800 VMThread [stack: 0x0000000017390000,0x0000000017490000] [id=9488]
  0x00000000178fb000 WatcherThread [stack: 0x0000000018270000,0x0000000018370000] [id=7912]

VM state:not at safepoint (normal execution)

VM Mutex/Monitor currently owned by a thread:  ([mutex/lock_event])
[0x000000000299c250] CodeCache_lock - owner thread: 0x0000000000000000

Heap:
 PSYoungGen      total 38400K, used 12940K [0x00000000eab00000, 0x00000000ed580000, 0x0000000100000000)
  eden space 33280K, 38% used [0x00000000eab00000,0x00000000eb7a3278,0x00000000ecb80000)
  from space 5120K, 0% used [0x00000000ed080000,0x00000000ed080000,0x00000000ed580000)
  to   space 5120K, 0% used [0x00000000ecb80000,0x00000000ecb80000,0x00000000ed080000)
 ParOldGen       total 87552K, used 0K [0x00000000c0000000, 0x00000000c5580000, 0x00000000eab00000)
  object space 87552K, 0% used [0x00000000c0000000,0x00000000c0000000,0x00000000c5580000)
 Metaspace       used 5168K, capacity 6448K, committed 6528K, reserved 1058816K
  class space    used 565K, capacity 616K, committed 640K, reserved 1048576K

Card table byte_map: [0x0000000011f60000,0x0000000012170000] byte_map_base: 0x0000000011960000

Marking Bits: (ParMarkBitMap*) 0x000000005bdaa5b0
 Begin Bits: [0x0000000012ad0000, 0x0000000013ad0000)
 End Bits:   [0x0000000013ad0000, 0x0000000014ad0000)

Polling page: 0x0000000001040000

CodeCache: size=245760Kb used=1981Kb max_used=1981Kb free=243778Kb
 bounds [0x0000000002ba0000, 0x0000000002e10000, 0x0000000011ba0000]
 total_blobs=669 nmethods=408 adapters=174
 compilation: enabled

Compilation events (10 events):
Event: 0.271 Thread 0x0000000017801000 nmethod 398 0x0000000002d88650 code [0x0000000002d88800, 0x0000000002d89028]
Event: 0.271 Thread 0x0000000017801000  404  s    3       com.android.dx.dex.file.FieldIdsSection::intern (55 bytes)
Event: 0.272 Thread 0x0000000017801000 nmethod 404 0x0000000002d87010 code [0x0000000002d87240, 0x0000000002d87f48]
Event: 0.272 Thread 0x0000000017801000  400       3       com.android.dx.rop.cst.CstType::hashCode (8 bytes)
Event: 0.273 Thread 0x0000000017801000 nmethod 400 0x0000000002d89bd0 code [0x0000000002d89d40, 0x0000000002d8a028]
Event: 0.273 Thread 0x0000000017801000  401       3       com.android.dx.dex.file.EncodedField::<init> (25 bytes)
Event: 0.273 Thread 0x0000000017801000 nmethod 401 0x0000000002d8a150 code [0x0000000002d8a2e0, 0x0000000002d8a608]
Event: 0.273 Thread 0x0000000017801000  405       3       com.android.dx.rop.cst.CstInteger::getType (4 bytes)
Event: 0.273 Thread 0x0000000017801000 nmethod 405 0x0000000002d81950 code [0x0000000002d81aa0, 0x0000000002d81bf0]
Event: 0.273 Thread 0x0000000017801000  406       3       com.android.dx.dex.cf.CfTranslator::coerceConstant (144 bytes)

GC Heap History (0 events):
No events

Deoptimization events (8 events):
Event: 0.263 Thread 0x0000000017968000 Uncommon trap: reason=class_check action=maybe_recompile pc=0x0000000002d32150 method=com.android.dx.rop.cst.CstMemberRef.compareTo0(Lcom/android/dx/rop/cst/Constant;)I @ 1
Event: 0.263 Thread 0x0000000017968000 Uncommon trap: reason=speculate_class_check action=maybe_recompile pc=0x0000000002d29484 method=com.android.dx.rop.cst.Constant.compareTo(Lcom/android/dx/rop/cst/Constant;)I @ 29
Event: 0.263 Thread 0x0000000017968000 Uncommon trap: reason=speculate_class_check action=maybe_recompile pc=0x0000000002d29484 method=com.android.dx.rop.cst.Constant.compareTo(Lcom/android/dx/rop/cst/Constant;)I @ 29
Event: 0.263 Thread 0x00000000179ee800 Uncommon trap: reason=class_check action=maybe_recompile pc=0x0000000002d32150 method=com.android.dx.rop.cst.CstMemberRef.compareTo0(Lcom/android/dx/rop/cst/Constant;)I @ 1
Event: 0.263 Thread 0x00000000179ee800 Uncommon trap: reason=speculate_class_check action=maybe_recompile pc=0x0000000002d29484 method=com.android.dx.rop.cst.Constant.compareTo(Lcom/android/dx/rop/cst/Constant;)I @ 29
Event: 0.263 Thread 0x00000000179ee800 Uncommon trap: reason=class_check action=maybe_recompile pc=0x0000000002d32150 method=com.android.dx.rop.cst.CstMemberRef.compareTo0(Lcom/android/dx/rop/cst/Constant;)I @ 1
Event: 0.263 Thread 0x00000000179ee800 Uncommon trap: reason=speculate_class_check action=maybe_recompile pc=0x0000000002d29484 method=com.android.dx.rop.cst.Constant.compareTo(Lcom/android/dx/rop/cst/Constant;)I @ 29
Event: 0.263 Thread 0x0000000017969000 Uncommon trap: reason=class_check action=maybe_recompile pc=0x0000000002d32150 method=com.android.dx.rop.cst.CstMemberRef.compareTo0(Lcom/android/dx/rop/cst/Constant;)I @ 1

Internal exceptions (2 events):
Event: 0.034 Thread 0x000000000299d800 Exception <a 'java/lang/NoSuchMethodError': Method sun.misc.Unsafe.defineClass(Ljava/lang/String;[BII)Ljava/lang/Class; name or signature does not match> (0x00000000eab12d40) thrown at [C:\re\workspace\8-2-build-windows-amd64-cygwin\jdk8u60\4407\hotspot\srö¾#ì·i¡?
Event: 0.034 Thread 0x000000000299d800 Exception <a 'java/lang/NoSuchMethodError': Method sun.misc.Unsafe.prefetchRead(Ljava/lang/Object;J)V name or signature does not match> (0x00000000eab13028) thrown at [C:\re\workspace\8-2-build-windows-amd64-cygwin\jdk8u60\4407\hotspot\src\share\vm\prims\j

Events (10 events):
Event: 0.263 Thread 0x00000000179ee800 DEOPT UNPACKING pc=0x0000000002be582a sp=0x000000001886e8a0 mode 2
Event: 0.263 Thread 0x00000000179ee800 Uncommon trap: trap_request=0xffffffde fr.pc=0x0000000002d32150
Event: 0.263 Thread 0x00000000179ee800 DEOPT PACKING pc=0x0000000002d32150 sp=0x000000001886e9c0
Event: 0.263 Thread 0x00000000179ee800 DEOPT UNPACKING pc=0x0000000002be582a sp=0x000000001886e948 mode 2
Event: 0.263 Thread 0x00000000179ee800 Uncommon trap: trap_request=0xffffff76 fr.pc=0x0000000002d29484
Event: 0.263 Thread 0x00000000179ee800 DEOPT PACKING pc=0x0000000002d29484 sp=0x000000001886e920
Event: 0.263 Thread 0x00000000179ee800 DEOPT UNPACKING pc=0x0000000002be582a sp=0x000000001886e8c0 mode 2
Event: 0.263 Thread 0x0000000017969000 Uncommon trap: trap_request=0xffffffde fr.pc=0x0000000002d32150
Event: 0.263 Thread 0x0000000017969000 DEOPT PACKING pc=0x0000000002d32150 sp=0x000000001876edd0
Event: 0.263 Thread 0x0000000017969000 DEOPT UNPACKING pc=0x0000000002be582a sp=0x000000001876ed58 mode 2


Dynamic libraries:
0x00007ff6e1170000 - 0x00007ff6e11a7000 	C:\Program Files\Java\jdk1.8.0_60\bin\java.exe
0x00007ff979630000 - 0x00007ff9797f1000 	C:\Windows\SYSTEM32\ntdll.dll
0x00007ff978740000 - 0x00007ff9787ed000 	C:\Windows\system32\KERNEL32.DLL
0x00007ff976b20000 - 0x00007ff976cfd000 	C:\Windows\system32\KERNELBASE.dll
0x00007ff9793c0000 - 0x00007ff979466000 	C:\Windows\system32\ADVAPI32.dll
0x00007ff9791e0000 - 0x00007ff97927d000 	C:\Windows\system32\msvcrt.dll
0x00007ff9790a0000 - 0x00007ff9790fb000 	C:\Windows\system32\sechost.dll
0x00007ff979280000 - 0x00007ff9793a6000 	C:\Windows\system32\RPCRT4.dll
0x00007ff9785f0000 - 0x00007ff97873e000 	C:\Windows\system32\USER32.dll
0x00007ff9788d0000 - 0x00007ff978a56000 	C:\Windows\system32\GDI32.dll
0x00007ff96fb20000 - 0x00007ff96fd94000 	C:\Windows\WinSxS\amd64_microsoft.windows.common-controls_6595b64144ccf1df_6.0.10240.16384_none_f41f7b285750ef43\COMCTL32.dll
0x00007ff978ac0000 - 0x00007ff978af6000 	C:\Windows\system32\IMM32.DLL
0x00007ff978d80000 - 0x00007ff978edc000 	C:\Windows\system32\MSCTF.dll
0x000000005b050000 - 0x000000005b122000 	C:\Program Files\Java\jdk1.8.0_60\jre\bin\msvcr100.dll
0x000000005b5a0000 - 0x000000005be29000 	C:\Program Files\Java\jdk1.8.0_60\jre\bin\server\jvm.dll
0x00007ff978ee0000 - 0x00007ff978ee8000 	C:\Windows\system32\PSAPI.DLL
0x00007ff96ac80000 - 0x00007ff96ac89000 	C:\Windows\SYSTEM32\WSOCK32.dll
0x00007ff972b20000 - 0x00007ff972b43000 	C:\Windows\SYSTEM32\WINMM.dll
0x00007ff96fea0000 - 0x00007ff96feaa000 	C:\Windows\SYSTEM32\VERSION.dll
0x00007ff979100000 - 0x00007ff979169000 	C:\Windows\system32\WS2_32.dll
0x00007ff9793b0000 - 0x00007ff9793b8000 	C:\Windows\system32\NSI.dll
0x00007ff972af0000 - 0x00007ff972b1c000 	C:\Windows\SYSTEM32\WINMMBASE.dll
0x00007ff976730000 - 0x00007ff976774000 	C:\Windows\system32\cfgmgr32.dll
0x00007ff9749d0000 - 0x00007ff9749f7000 	C:\Windows\SYSTEM32\DEVOBJ.dll
0x000000005c840000 - 0x000000005c84f000 	C:\Program Files\Java\jdk1.8.0_60\jre\bin\verify.dll
0x000000005b490000 - 0x000000005b4b9000 	C:\Program Files\Java\jdk1.8.0_60\jre\bin\java.dll
0x000000005b470000 - 0x000000005b486000 	C:\Program Files\Java\jdk1.8.0_60\jre\bin\zip.dll
0x00007ff976d00000 - 0x00007ff978222000 	C:\Windows\system32\SHELL32.dll
0x00007ff976100000 - 0x00007ff976728000 	C:\Windows\system32\windows.storage.dll
0x00007ff978b00000 - 0x00007ff978d7c000 	C:\Windows\system32\combase.dll
0x00007ff978a60000 - 0x00007ff978ab1000 	C:\Windows\system32\shlwapi.dll
0x00007ff976060000 - 0x00007ff97606f000 	C:\Windows\system32\kernel.appcore.dll
0x00007ff976a60000 - 0x00007ff976b13000 	C:\Windows\system32\shcore.dll
0x00007ff976090000 - 0x00007ff9760da000 	C:\Windows\system32\powrprof.dll
0x00007ff9760e0000 - 0x00007ff9760f3000 	C:\Windows\system32\profapi.dll

VM Arguments:
jvm_args: -Xmx1024M -Dfile.encoding=x-windows-874 -Duser.country=GB -Duser.language=en -Duser.variant 
java_command: com.android.dx.command.Main --dex --num-threads=4 --output C:\Users\RXUsagi\Desktop\volleyball\MyApplication5\app\build\intermediates\dex\debug C:\Users\RXUsagi\Desktop\volleyball\MyApplication5\app\build\intermediates\classes\debug C:\Users\RXUsagi\Desktop\volleyball\MyApplication5\app\build\intermediates\pre-dexed\debug\support-annotations-23.0.1-6cc8994cce906f0ec0894ce2915605d90eaa872b.jar C:\Users\RXUsagi\Desktop\volleyball\MyApplication5\app\build\intermediates\pre-dexed\debug\classes-6b729f7f78e8db03cf7017a0a016b2de26ea58f3.jar C:\Users\RXUsagi\Desktop\volleyball\MyApplication5\app\build\intermediates\pre-dexed\debug\classes-188f9b24a282ba2f65ef05f9bebd2a4b38b2c20f.jar C:\Users\RXUsagi\Desktop\volleyball\MyApplication5\app\build\intermediates\pre-dexed\debug\internal_impl-23.0.1-d8b2ac7a5957b588de95fc9b70e941c2b4a2cf8d.jar C:\Users\RXUsagi\Desktop\volleyball\MyApplication5\app\build\intermediates\pre-dexed\debug\classes-30633ad2579ff6073abfc7d561f080f99bb8d8e8.jar C:\Users\RXUsagi\Desktop\volleyball\MyApplication5\app\build\intermediates\pre-dexed\debug\classes-d19d590cfa42862e2ebbd6a0deecaa4e84136475.jar
java_class_path (initial): C:\Users\RXUsagi\AppData\Local\Android\sdk\build-tools\23.0.1\lib\dx.jar
Launcher Type: SUN_STANDARD

Environment Variables:
PATH=C:\ProgramData\Oracle\Java\javapath;C:\Windows\system32;C:\Windows;C:\Windows\System32\Wbem;C:\Windows\System32\WindowsPowerShell\v1.0\;C:\Program Files (x86)\NVIDIA Corporation\PhysX\Common;C:\Program Files (x86)\IVI Foundation\VISA\WinNT\Bin;C:\Program Files\Java\jdk1.8.0_60;E:\MATLAB\MATLAB Production Server\R2015a\runtime\win32;E:\MATLAB\MATLAB Production Server\R2015a\bin;E:\MATLAB\MATLAB Production Server\R2015a\polyspace\bin;C:\Program Files (x86)\Windows Kits\8.1\Windows Performance Toolkit\;E:\Anaconda3;E:\Anaconda3\Scripts
USERNAME=RXUsagi
OS=Windows_NT
PROCESSOR_IDENTIFIER=Intel64 Family 6 Model 58 Stepping 9, GenuineIntel



---------------  S Y S T E M  ---------------

OS: Windows 10.0 , 64 bit Build 10240 (10.0.10240.16384)

CPU:total 8 (4 cores per cpu, 2 threads per core) family 6 model 58 stepping 9, cmov, cx8, fxsr, mmx, sse, sse2, sse3, ssse3, sse4.1, sse4.2, popcnt, avx, aes, clmul, erms, ht, tsc, tscinvbit, tscinv

Memory: 4k page, physical 8337772k(1195148k free), swap 14648748k(5128k free)

vm_info: Java HotSpot(TM) 64-Bit Server VM (25.60-b23) for windows-amd64 JRE (1.8.0_60-b27), built on Aug  4 2015 11:06:27 by "java_re" with MS VC++ 10.0 (VS2010)

time: Thu Nov 05 05:34:13 2015
elapsed time: 0 seconds (0d 0h 0m 0s)

