#
# There is insufficient memory for the Java Runtime Environment to continue.
# Native memory allocation (malloc) failed to allocate 1048576 bytes for AllocateHeap
# Possible reasons:
#   The system is out of physical RAM or swap space
#   In 32 bit mode, the process size limit was hit
# Possible solutions:
#   Reduce memory load on the system
#   Increase physical memory or swap space
#   Check if swap backing store is full
#   Use 64 bit Java on a 64 bit OS
#   Decrease Java heap size (-Xmx/-Xms)
#   Decrease number of Java threads
#   Decrease Java thread stack sizes (-Xss)
#   Set larger code cache with -XX:ReservedCodeCacheSize=
# This output file may be truncated or incomplete.
#
#  Out of Memory Error (memory/allocation.inline.hpp:61), pid=6000, tid=12600
#
# JRE version:  (8.0_60-b27) (build )
# Java VM: Java HotSpot(TM) 64-Bit Server VM (25.60-b23 mixed mode windows-amd64 compressed oops)
# Failed to write core dump. Minidumps are not enabled by default on client versions of Windows
#

---------------  T H R E A D  ---------------

Current thread (0x000000000140d800):  JavaThread "Unknown thread" [_thread_in_vm, id=12600, stack(0x0000000002c90000,0x0000000002d90000)]

Stack: [0x0000000002c90000,0x0000000002d90000]
[error occurred during error reporting (printing stack bounds), id 0xc0000005]

Native frames: (J=compiled Java code, j=interpreted, Vv=VM code, C=native code)


---------------  P R O C E S S  ---------------

Java Threads: ( => current thread )

Other Threads:

=>0x000000000140d800 (exited) JavaThread "Unknown thread" [_thread_in_vm, id=12600, stack(0x0000000002c90000,0x0000000002d90000)]

VM state:not at safepoint (normal execution)

VM Mutex/Monitor currently owned by a thread: None

Heap:
 PSYoungGen      total 38400K, used 665K [0x00000000eab00000, 0x00000000ed580000, 0x0000000100000000)
  eden space 33280K, 2% used [0x00000000eab00000,0x00000000eaba6670,0x00000000ecb80000)
  from space 5120K, 0% used [0x00000000ed080000,0x00000000ed080000,0x00000000ed580000)
  to   space 5120K, 0% used [0x00000000ecb80000,0x00000000ecb80000,0x00000000ed080000)
 ParOldGen       total 87552K, used 0K [0x00000000c0000000, 0x00000000c5580000, 0x00000000eab00000)
  object space 87552K, 0% used [0x00000000c0000000,0x00000000c0000000,0x00000000c5580000)
 Metaspace       used 767K, capacity 4480K, committed 4480K, reserved 1056768K
  class space    used 75K, capacity 384K, committed 384K, reserved 1048576K

Card table byte_map: [0x0000000012250000,0x0000000012460000] byte_map_base: 0x0000000011c50000

Marking Bits: (ParMarkBitMap*) 0x000000005bdaa5b0
 Begin Bits: [0x0000000012dc0000, 0x0000000013dc0000)
 End Bits:   [0x0000000013dc0000, 0x0000000014dc0000)

Polling page: 0x0000000000f80000

CodeCache: size=245760Kb used=328Kb max_used=328Kb free=245431Kb
 bounds [0x0000000002e90000, 0x0000000003100000, 0x0000000011e90000]
 total_blobs=57 nmethods=0 adapters=37
 compilation: enabled

Compilation events (0 events):
No events

GC Heap History (0 events):
No events

Deoptimization events (0 events):
No events

Internal exceptions (0 events):
No events

Events (10 events):
Event: 0.019 loading class java/lang/Short
Event: 0.019 loading class java/lang/Short done
Event: 0.019 loading class java/lang/Integer
Event: 0.019 loading class java/lang/Integer done
Event: 0.019 loading class java/lang/Long
Event: 0.019 loading class java/lang/Long done
Event: 0.020 loading class java/lang/NullPointerException
Event: 0.020 loading class java/lang/NullPointerException done
Event: 0.020 loading class java/lang/ArithmeticException
Event: 0.020 loading class java/lang/ArithmeticException done


Dynamic libraries:
0x00007ff6e1170000 - 0x00007ff6e11a7000 	C:\Program Files\Java\jdk1.8.0_60\bin\java.exe
0x00007ff979630000 - 0x00007ff9797f1000 	C:\Windows\SYSTEM32\ntdll.dll
0x00007ff978740000 - 0x00007ff9787ed000 	C:\Windows\system32\KERNEL32.DLL
0x00007ff976b20000 - 0x00007ff976cfd000 	C:\Windows\system32\KERNELBASE.dll
0x00007ff9793c0000 - 0x00007ff979466000 	C:\Windows\system32\ADVAPI32.dll
0x00007ff9791e0000 - 0x00007ff97927d000 	C:\Windows\system32\msvcrt.dll
0x00007ff9790a0000 - 0x00007ff9790fb000 	C:\Windows\system32\sechost.dll
0x00007ff979280000 - 0x00007ff9793a6000 	C:\Windows\system32\RPCRT4.dll
0x00007ff9785f0000 - 0x00007ff97873e000 	C:\Windows\system32\USER32.dll
0x00007ff9788d0000 - 0x00007ff978a56000 	C:\Windows\system32\GDI32.dll
0x00007ff96fb20000 - 0x00007ff96fd94000 	C:\Windows\WinSxS\amd64_microsoft.windows.common-controls_6595b64144ccf1df_6.0.10240.16384_none_f41f7b285750ef43\COMCTL32.dll
0x00007ff978ac0000 - 0x00007ff978af6000 	C:\Windows\system32\IMM32.DLL
0x00007ff978d80000 - 0x00007ff978edc000 	C:\Windows\system32\MSCTF.dll
0x000000005b050000 - 0x000000005b122000 	C:\Program Files\Java\jdk1.8.0_60\jre\bin\msvcr100.dll
0x000000005b5a0000 - 0x000000005be29000 	C:\Program Files\Java\jdk1.8.0_60\jre\bin\server\jvm.dll
0x00007ff978ee0000 - 0x00007ff978ee8000 	C:\Windows\system32\PSAPI.DLL
0x00007ff972b20000 - 0x00007ff972b43000 	C:\Windows\SYSTEM32\WINMM.dll
0x00007ff96ac80000 - 0x00007ff96ac89000 	C:\Windows\SYSTEM32\WSOCK32.dll
0x00007ff96fea0000 - 0x00007ff96feaa000 	C:\Windows\SYSTEM32\VERSION.dll
0x00007ff979100000 - 0x00007ff979169000 	C:\Windows\system32\WS2_32.dll
0x00007ff9793b0000 - 0x00007ff9793b8000 	C:\Windows\system32\NSI.dll
0x00000000013d0000 - 0x00000000013fc000 	C:\Windows\SYSTEM32\WINMMBASE.dll
0x00007ff976730000 - 0x00007ff976774000 	C:\Windows\system32\cfgmgr32.dll
0x00007ff9749d0000 - 0x00007ff9749f7000 	C:\Windows\SYSTEM32\DEVOBJ.dll
0x000000005c840000 - 0x000000005c84f000 	C:\Program Files\Java\jdk1.8.0_60\jre\bin\verify.dll
0x000000005b490000 - 0x000000005b4b9000 	C:\Program Files\Java\jdk1.8.0_60\jre\bin\java.dll
0x000000005b470000 - 0x000000005b486000 	C:\Program Files\Java\jdk1.8.0_60\jre\bin\zip.dll

VM Arguments:
jvm_args: -Xmx1024M -Dfile.encoding=x-windows-874 -Duser.country=GB -Duser.language=en -Duser.variant 
java_command: com.android.dx.command.Main --dex --num-threads=4 --output C:\Users\RXUsagi\Desktop\volleyball\MyApplication5\app\build\intermediates\dex\debug C:\Users\RXUsagi\Desktop\volleyball\MyApplication5\app\build\intermediates\classes\debug C:\Users\RXUsagi\Desktop\volleyball\MyApplication5\app\build\intermediates\pre-dexed\debug\support-annotations-23.0.1-6cc8994cce906f0ec0894ce2915605d90eaa872b.jar C:\Users\RXUsagi\Desktop\volleyball\MyApplication5\app\build\intermediates\pre-dexed\debug\classes-6b729f7f78e8db03cf7017a0a016b2de26ea58f3.jar C:\Users\RXUsagi\Desktop\volleyball\MyApplication5\app\build\intermediates\pre-dexed\debug\classes-188f9b24a282ba2f65ef05f9bebd2a4b38b2c20f.jar C:\Users\RXUsagi\Desktop\volleyball\MyApplication5\app\build\intermediates\pre-dexed\debug\internal_impl-23.0.1-d8b2ac7a5957b588de95fc9b70e941c2b4a2cf8d.jar C:\Users\RXUsagi\Desktop\volleyball\MyApplication5\app\build\intermediates\pre-dexed\debug\classes-30633ad2579ff6073abfc7d561f080f99bb8d8e8.jar C:\Users\RXUsagi\Desktop\volleyball\MyApplication5\app\build\intermediates\pre-dexed\debug\classes-d19d590cfa42862e2ebbd6a0deecaa4e84136475.jar
java_class_path (initial): C:\Users\RXUsagi\AppData\Local\Android\sdk\build-tools\23.0.1\lib\dx.jar
Launcher Type: SUN_STANDARD

Environment Variables:
PATH=C:\ProgramData\Oracle\Java\javapath;C:\Windows\system32;C:\Windows;C:\Windows\System32\Wbem;C:\Windows\System32\WindowsPowerShell\v1.0\;C:\Program Files (x86)\NVIDIA Corporation\PhysX\Common;C:\Program Files (x86)\IVI Foundation\VISA\WinNT\Bin;C:\Program Files\Java\jdk1.8.0_60;E:\MATLAB\MATLAB Production Server\R2015a\runtime\win32;E:\MATLAB\MATLAB Production Server\R2015a\bin;E:\MATLAB\MATLAB Production Server\R2015a\polyspace\bin;C:\Program Files (x86)\Windows Kits\8.1\Windows Performance Toolkit\;E:\Anaconda3;E:\Anaconda3\Scripts
USERNAME=RXUsagi
OS=Windows_NT
PROCESSOR_IDENTIFIER=Intel64 Family 6 Model 58 Stepping 9, GenuineIntel



---------------  S Y S T E M  ---------------

OS: Windows 10.0 , 64 bit Build 10240 (10.0.10240.16384)

CPU:total 8 (4 cores per cpu, 2 threads per core) family 6 model 58 stepping 9, cmov, cx8, fxsr, mmx, sse, sse2, sse3, ssse3, sse4.1, sse4.2, popcnt, avx, aes, clmul, erms, ht, tsc, tscinvbit, tscinv

Memory: 4k page, physical 8337772k(1185236k free), swap 14648748k(5336k free)

vm_info: Java HotSpot(TM) 64-Bit Server VM (25.60-b23) for windows-amd64 JRE (1.8.0_60-b27), built on Aug  4 2015 11:06:27 by "java_re" with MS VC++ 10.0 (VS2010)

time: Thu Nov 05 05:36:42 2015
elapsed time: 0 seconds (0d 0h 0m 0s)

