#
# There is insufficient memory for the Java Runtime Environment to continue.
# Native memory allocation (malloc) failed to allocate 1053456 bytes for Chunk::new
# Possible reasons:
#   The system is out of physical RAM or swap space
#   In 32 bit mode, the process size limit was hit
# Possible solutions:
#   Reduce memory load on the system
#   Increase physical memory or swap space
#   Check if swap backing store is full
#   Use 64 bit Java on a 64 bit OS
#   Decrease Java heap size (-Xmx/-Xms)
#   Decrease number of Java threads
#   Decrease Java thread stack sizes (-Xss)
#   Set larger code cache with -XX:ReservedCodeCacheSize=
# This output file may be truncated or incomplete.
#
#  Out of Memory Error (allocation.cpp:390), pid=13664, tid=14024
#
# JRE version: Java(TM) SE Runtime Environment (8.0_60-b27) (build 1.8.0_60-b27)
# Java VM: Java HotSpot(TM) 64-Bit Server VM (25.60-b23 mixed mode windows-amd64 compressed oops)
# Failed to write core dump. Minidumps are not enabled by default on client versions of Windows
#

---------------  T H R E A D  ---------------

Current thread (0x0000000017506800):  JavaThread "C2 CompilerThread0" daemon [_thread_in_native, id=14024, stack(0x0000000017a90000,0x0000000017b90000)]

Stack: [0x0000000017a90000,0x0000000017b90000]
[error occurred during error reporting (printing stack bounds), id 0xc0000005]

Native frames: (J=compiled Java code, j=interpreted, Vv=VM code, C=native code)


Current CompileTask:
C2:    774 1092       4       com.android.dx.dex.code.OutputFinisher::addConstants (93 bytes)


---------------  P R O C E S S  ---------------

Java Threads: ( => current thread )
  0x00000000175bf800 JavaThread "Service Thread" daemon [_thread_blocked, id=13332, stack(0x0000000017e90000,0x0000000017f90000)]
  0x0000000017525000 JavaThread "C1 CompilerThread3" daemon [_thread_in_native, id=5688, stack(0x0000000017d90000,0x0000000017e90000)]
  0x0000000017514000 JavaThread "C2 CompilerThread2" daemon [_thread_in_native, id=11668, stack(0x0000000017c90000,0x0000000017d90000)]
  0x000000001750a800 JavaThread "C2 CompilerThread1" daemon [_thread_in_native, id=14072, stack(0x0000000017b90000,0x0000000017c90000)]
=>0x0000000017506800 JavaThread "C2 CompilerThread0" daemon [_thread_in_native, id=14024, stack(0x0000000017a90000,0x0000000017b90000)]
  0x0000000017504000 JavaThread "Attach Listener" daemon [_thread_blocked, id=2084, stack(0x0000000017990000,0x0000000017a90000)]
  0x0000000017503800 JavaThread "Signal Dispatcher" daemon [_thread_blocked, id=5196, stack(0x0000000017890000,0x0000000017990000)]
  0x00000000028ab000 JavaThread "Finalizer" daemon [_thread_blocked, id=8244, stack(0x00000000172b0000,0x00000000173b0000)]
  0x00000000028a4000 JavaThread "Reference Handler" daemon [_thread_blocked, id=8056, stack(0x00000000171b0000,0x00000000172b0000)]
  0x00000000027ad800 JavaThread "main" [_thread_in_vm, id=8868, stack(0x0000000002670000,0x0000000002770000)]

Other Threads:
  0x00000000153c9800 VMThread [stack: 0x00000000170b0000,0x00000000171b0000] [id=13364]
  0x0000000017601800 WatcherThread [stack: 0x0000000017f90000,0x0000000018090000] [id=10276]

VM state:not at safepoint (normal execution)

VM Mutex/Monitor currently owned by a thread: None

Heap:
 PSYoungGen      total 38400K, used 21346K [0x00000000eab00000, 0x00000000ed580000, 0x0000000100000000)
  eden space 33280K, 48% used [0x00000000eab00000,0x00000000ebadeba0,0x00000000ecb80000)
  from space 5120K, 99% used [0x00000000ecb80000,0x00000000ed07a008,0x00000000ed080000)
  to   space 5120K, 0% used [0x00000000ed080000,0x00000000ed080000,0x00000000ed580000)
 ParOldGen       total 87552K, used 2674K [0x00000000c0000000, 0x00000000c5580000, 0x00000000eab00000)
  object space 87552K, 3% used [0x00000000c0000000,0x00000000c029cab0,0x00000000c5580000)
 Metaspace       used 6749K, capacity 7480K, committed 7680K, reserved 1056768K
  class space    used 671K, capacity 688K, committed 768K, reserved 1048576K

Card table byte_map: [0x0000000011c70000,0x0000000011e80000] byte_map_base: 0x0000000011670000

Marking Bits: (ParMarkBitMap*) 0x000000005bdaa5b0
 Begin Bits: [0x00000000127e0000, 0x00000000137e0000)
 End Bits:   [0x00000000137e0000, 0x00000000147e0000)

Polling page: 0x0000000000e60000

CodeCache: size=245760Kb used=5197Kb max_used=5197Kb free=240562Kb
 bounds [0x00000000028b0000, 0x0000000002dd0000, 0x00000000118b0000]
 total_blobs=1764 nmethods=1487 adapters=190
 compilation: enabled

Compilation events (10 events):
Event: 0.772 Thread 0x000000001750a800 nmethod 1462 0x0000000002dc5350 code [0x0000000002dc54a0, 0x0000000002dc57f8]
Event: 0.772 Thread 0x000000001750a800 1463       4       com.android.dex.Mutf8::encode (153 bytes)
Event: 0.772 Thread 0x0000000017525000 nmethod 1493 0x0000000002dc4350 code [0x0000000002dc4540, 0x0000000002dc4f08]
Event: 0.772 Thread 0x0000000017525000 1475       3       com.android.dx.merge.IndexMap::adjustString (16 bytes)
Event: 0.772 Thread 0x0000000017525000 nmethod 1475 0x0000000002dc3f10 code [0x0000000002dc4080, 0x0000000002dc4250]
Event: 0.772 Thread 0x0000000017525000 1495       3       com.android.dex.util.Unsigned::compare (35 bytes)
Event: 0.772 Thread 0x0000000017525000 nmethod 1495 0x0000000002dc3b50 code [0x0000000002dc3ca0, 0x0000000002dc3e90]
Event: 0.772 Thread 0x0000000017525000 1480       1       com.android.dex.FieldId::getDeclaringClassIndex (5 bytes)
Event: 0.772 Thread 0x0000000017525000 nmethod 1480 0x0000000002dc3890 code [0x0000000002dc39e0, 0x0000000002dc3af0]
Event: 0.772 Thread 0x0000000017525000 1481       1       com.android.dex.FieldId::getTypeIndex (5 bytes)

GC Heap History (2 events):
Event: 0.481 GC heap before
{Heap before GC invocations=1 (full 0):
 PSYoungGen      total 38400K, used 33280K [0x00000000eab00000, 0x00000000ed580000, 0x0000000100000000)
  eden space 33280K, 100% used [0x00000000eab00000,0x00000000ecb80000,0x00000000ecb80000)
  from space 5120K, 0% used [0x00000000ed080000,0x00000000ed080000,0x00000000ed580000)
  to   space 5120K, 0% used [0x00000000ecb80000,0x00000000ecb80000,0x00000000ed080000)
 ParOldGen       total 87552K, used 0K [0x00000000c0000000, 0x00000000c5580000, 0x00000000eab00000)
  object space 87552K, 0% used [0x00000000c0000000,0x00000000c0000000,0x00000000c5580000)
 Metaspace       used 5788K, capacity 6832K, committed 7040K, reserved 1056768K
  class space    used 591K, capacity 616K, committed 640K, reserved 1048576K
Event: 0.487 GC heap after
Heap after GC invocations=1 (full 0):
 PSYoungGen      total 38400K, used 5096K [0x00000000eab00000, 0x00000000ed580000, 0x0000000100000000)
  eden space 33280K, 0% used [0x00000000eab00000,0x00000000eab00000,0x00000000ecb80000)
  from space 5120K, 99% used [0x00000000ecb80000,0x00000000ed07a008,0x00000000ed080000)
  to   space 5120K, 0% used [0x00000000ed080000,0x00000000ed080000,0x00000000ed580000)
 ParOldGen       total 87552K, used 2674K [0x00000000c0000000, 0x00000000c5580000, 0x00000000eab00000)
  object space 87552K, 3% used [0x00000000c0000000,0x00000000c029cab0,0x00000000c5580000)
 Metaspace       used 5788K, capacity 6832K, committed 7040K, reserved 1056768K
  class space    used 591K, capacity 616K, committed 640K, reserved 1048576K
}

Deoptimization events (10 events):
Event: 0.600 Thread 0x00000000027ad800 Uncommon trap: reason=speculate_class_check action=maybe_recompile pc=0x0000000002c46f14 method=com.android.dx.util.FixedSizeList.equals(Ljava/lang/Object;)Z @ 25
Event: 0.600 Thread 0x00000000027ad800 Uncommon trap: reason=class_check action=maybe_recompile pc=0x0000000002ba0260 method=java.util.Arrays.equals([Ljava/lang/Object;[Ljava/lang/Object;)Z @ 62
Event: 0.600 Thread 0x00000000027ad800 Uncommon trap: reason=speculate_class_check action=maybe_recompile pc=0x0000000002c46f14 method=com.android.dx.util.FixedSizeList.equals(Ljava/lang/Object;)Z @ 25
Event: 0.600 Thread 0x00000000027ad800 Uncommon trap: reason=class_check action=maybe_recompile pc=0x0000000002ba0260 method=java.util.Arrays.equals([Ljava/lang/Object;[Ljava/lang/Object;)Z @ 62
Event: 0.659 Thread 0x00000000027ad800 Uncommon trap: reason=unstable_if action=reinterpret pc=0x0000000002d2d9d8 method=com.android.dx.util.ByteArrayAnnotatedOutput.writeByte(I)V @ 13
Event: 0.687 Thread 0x00000000027ad800 Uncommon trap: reason=unstable_if action=reinterpret pc=0x0000000002d4d034 method=com.android.dx.util.ByteArrayAnnotatedOutput.writeByte(I)V @ 13
Event: 0.706 Thread 0x00000000027ad800 Uncommon trap: reason=unstable_if action=reinterpret pc=0x0000000002bb342c method=java.util.Arrays.copyOf([Ljava/lang/Object;ILjava/lang/Class;)[Ljava/lang/Object; @ 3
Event: 0.708 Thread 0x00000000027ad800 Uncommon trap: reason=class_check action=maybe_recompile pc=0x0000000002caa1d0 method=java.util.HashMap.putVal(ILjava/lang/Object;Ljava/lang/Object;ZZ)Ljava/lang/Object; @ 56
Event: 0.708 Thread 0x00000000027ad800 Uncommon trap: reason=class_check action=maybe_recompile pc=0x0000000002caa248 method=java.util.HashMap.putVal(ILjava/lang/Object;Ljava/lang/Object;ZZ)Ljava/lang/Object; @ 152
Event: 0.708 Thread 0x00000000027ad800 Uncommon trap: reason=class_check action=maybe_recompile pc=0x0000000002caa1d0 method=java.util.HashMap.putVal(ILjava/lang/Object;Ljava/lang/Object;ZZ)Ljava/lang/Object; @ 56

Internal exceptions (3 events):
Event: 0.040 Thread 0x00000000027ad800 Exception <a 'java/lang/NoSuchMethodError': Method sun.misc.Unsafe.defineClass(Ljava/lang/String;[BII)Ljava/lang/Class; name or signature does not match> (0x00000000eab12d60) thrown at [C:\re\workspace\8-2-build-windows-amd64-cygwin\jdk8u60\4407\hotspot\srç:%Íë§?
Event: 0.040 Thread 0x00000000027ad800 Exception <a 'java/lang/NoSuchMethodError': Method sun.misc.Unsafe.prefetchRead(Ljava/lang/Object;J)V name or signature does not match> (0x00000000eab13048) thrown at [C:\re\workspace\8-2-build-windows-amd64-cygwin\jdk8u60\4407\hotspot\src\share\vm\prims\jÜÿÌ|ŒÙ‹?
Event: 0.452 Thread 0x00000000176e1000 Implicit null exception at 0x0000000002b9c9e2 to 0x0000000002b9cad2

Events (10 events):
Event: 0.760 loading class com/android/dex/util/Unsigned
Event: 0.760 loading class com/android/dex/util/Unsigned done
Event: 0.765 loading class com/android/dx/merge/DexMerger$4
Event: 0.765 loading class com/android/dx/merge/DexMerger$4 done
Event: 0.765 loading class com/android/dex/ProtoId
Event: 0.765 loading class com/android/dex/ProtoId done
Event: 0.766 loading class com/android/dx/merge/DexMerger$5
Event: 0.766 loading class com/android/dx/merge/DexMerger$5 done
Event: 0.767 loading class com/android/dex/FieldId
Event: 0.767 loading class com/android/dex/FieldId done


Dynamic libraries:
0x00007ff6e1170000 - 0x00007ff6e11a7000 	C:\Program Files\Java\jdk1.8.0_60\bin\java.exe
0x00007ff979630000 - 0x00007ff9797f1000 	C:\Windows\SYSTEM32\ntdll.dll
0x00007ff978740000 - 0x00007ff9787ed000 	C:\Windows\system32\KERNEL32.DLL
0x00007ff976b20000 - 0x00007ff976cfd000 	C:\Windows\system32\KERNELBASE.dll
0x00007ff9793c0000 - 0x00007ff979466000 	C:\Windows\system32\ADVAPI32.dll
0x00007ff9791e0000 - 0x00007ff97927d000 	C:\Windows\system32\msvcrt.dll
0x00007ff9790a0000 - 0x00007ff9790fb000 	C:\Windows\system32\sechost.dll
0x00007ff979280000 - 0x00007ff9793a6000 	C:\Windows\system32\RPCRT4.dll
0x00007ff9785f0000 - 0x00007ff97873e000 	C:\Windows\system32\USER32.dll
0x00007ff9788d0000 - 0x00007ff978a56000 	C:\Windows\system32\GDI32.dll
0x00007ff96fb20000 - 0x00007ff96fd94000 	C:\Windows\WinSxS\amd64_microsoft.windows.common-controls_6595b64144ccf1df_6.0.10240.16384_none_f41f7b285750ef43\COMCTL32.dll
0x00007ff978ac0000 - 0x00007ff978af6000 	C:\Windows\system32\IMM32.DLL
0x00007ff978d80000 - 0x00007ff978edc000 	C:\Windows\system32\MSCTF.dll
0x000000005b050000 - 0x000000005b122000 	C:\Program Files\Java\jdk1.8.0_60\jre\bin\msvcr100.dll
0x000000005b5a0000 - 0x000000005be29000 	C:\Program Files\Java\jdk1.8.0_60\jre\bin\server\jvm.dll
0x00007ff978ee0000 - 0x00007ff978ee8000 	C:\Windows\system32\PSAPI.DLL
0x00007ff972b20000 - 0x00007ff972b43000 	C:\Windows\SYSTEM32\WINMM.dll
0x00007ff96ac80000 - 0x00007ff96ac89000 	C:\Windows\SYSTEM32\WSOCK32.dll
0x00007ff96fea0000 - 0x00007ff96feaa000 	C:\Windows\SYSTEM32\VERSION.dll
0x00007ff979100000 - 0x00007ff979169000 	C:\Windows\system32\WS2_32.dll
0x00007ff972af0000 - 0x00007ff972b1c000 	C:\Windows\SYSTEM32\WINMMBASE.dll
0x00007ff9793b0000 - 0x00007ff9793b8000 	C:\Windows\system32\NSI.dll
0x00007ff976730000 - 0x00007ff976774000 	C:\Windows\system32\cfgmgr32.dll
0x00007ff9749d0000 - 0x00007ff9749f7000 	C:\Windows\SYSTEM32\DEVOBJ.dll
0x000000005c840000 - 0x000000005c84f000 	C:\Program Files\Java\jdk1.8.0_60\jre\bin\verify.dll
0x000000005b490000 - 0x000000005b4b9000 	C:\Program Files\Java\jdk1.8.0_60\jre\bin\java.dll
0x000000005b470000 - 0x000000005b486000 	C:\Program Files\Java\jdk1.8.0_60\jre\bin\zip.dll
0x00007ff976d00000 - 0x00007ff978222000 	C:\Windows\system32\SHELL32.dll
0x00007ff976100000 - 0x00007ff976728000 	C:\Windows\system32\windows.storage.dll
0x00007ff978b00000 - 0x00007ff978d7c000 	C:\Windows\system32\combase.dll
0x00007ff978a60000 - 0x00007ff978ab1000 	C:\Windows\system32\shlwapi.dll
0x00007ff976060000 - 0x00007ff97606f000 	C:\Windows\system32\kernel.appcore.dll
0x00007ff976a60000 - 0x00007ff976b13000 	C:\Windows\system32\shcore.dll
0x00007ff976090000 - 0x00007ff9760da000 	C:\Windows\system32\powrprof.dll
0x00007ff9760e0000 - 0x00007ff9760f3000 	C:\Windows\system32\profapi.dll

VM Arguments:
jvm_args: -Xmx1024M -Dfile.encoding=x-windows-874 -Duser.country=GB -Duser.language=en -Duser.variant 
java_command: com.android.dx.command.Main --dex --num-threads=4 --output C:\Users\RXUsagi\Desktop\volleyball\MyApplication5\app\build\intermediates\dex\debug C:\Users\RXUsagi\Desktop\volleyball\MyApplication5\app\build\intermediates\classes\debug C:\Users\RXUsagi\Desktop\volleyball\MyApplication5\app\build\intermediates\pre-dexed\debug\support-annotations-23.0.1-6cc8994cce906f0ec0894ce2915605d90eaa872b.jar C:\Users\RXUsagi\Desktop\volleyball\MyApplication5\app\build\intermediates\pre-dexed\debug\classes-6b729f7f78e8db03cf7017a0a016b2de26ea58f3.jar C:\Users\RXUsagi\Desktop\volleyball\MyApplication5\app\build\intermediates\pre-dexed\debug\classes-188f9b24a282ba2f65ef05f9bebd2a4b38b2c20f.jar C:\Users\RXUsagi\Desktop\volleyball\MyApplication5\app\build\intermediates\pre-dexed\debug\internal_impl-23.0.1-d8b2ac7a5957b588de95fc9b70e941c2b4a2cf8d.jar C:\Users\RXUsagi\Desktop\volleyball\MyApplication5\app\build\intermediates\pre-dexed\debug\classes-30633ad2579ff6073abfc7d561f080f99bb8d8e8.jar C:\Users\RXUsagi\Desktop\volleyball\MyApplication5\app\build\intermediates\pre-dexed\debug\classes-d19d590cfa42862e2ebbd6a0deecaa4e84136475.jar
java_class_path (initial): C:\Users\RXUsagi\AppData\Local\Android\sdk\build-tools\23.0.1\lib\dx.jar
Launcher Type: SUN_STANDARD

Environment Variables:
PATH=C:\ProgramData\Oracle\Java\javapath;C:\Windows\system32;C:\Windows;C:\Windows\System32\Wbem;C:\Windows\System32\WindowsPowerShell\v1.0\;C:\Program Files (x86)\NVIDIA Corporation\PhysX\Common;C:\Program Files (x86)\IVI Foundation\VISA\WinNT\Bin;C:\Program Files\Java\jdk1.8.0_60;E:\MATLAB\MATLAB Production Server\R2015a\runtime\win32;E:\MATLAB\MATLAB Production Server\R2015a\bin;E:\MATLAB\MATLAB Production Server\R2015a\polyspace\bin;C:\Program Files (x86)\Windows Kits\8.1\Windows Performance Toolkit\;E:\Anaconda3;E:\Anaconda3\Scripts
USERNAME=RXUsagi
OS=Windows_NT
PROCESSOR_IDENTIFIER=Intel64 Family 6 Model 58 Stepping 9, GenuineIntel



---------------  S Y S T E M  ---------------

OS: Windows 10.0 , 64 bit Build 10240 (10.0.10240.16384)

CPU:total 8 (4 cores per cpu, 2 threads per core) family 6 model 58 stepping 9, cmov, cx8, fxsr, mmx, sse, sse2, sse3, ssse3, sse4.1, sse4.2, popcnt, avx, aes, clmul, erms, ht, tsc, tscinvbit, tscinv

Memory: 4k page, physical 8337772k(1098048k free), swap 14648748k(5568k free)

vm_info: Java HotSpot(TM) 64-Bit Server VM (25.60-b23) for windows-amd64 JRE (1.8.0_60-b27), built on Aug  4 2015 11:06:27 by "java_re" with MS VC++ 10.0 (VS2010)

time: Thu Nov 05 05:35:56 2015
elapsed time: 0 seconds (0d 0h 0m 0s)

